<?xml version="1.0" encoding="UTF-8" ?>
<testsuite tests="10" failures="0" name="model.PilaVectTest" time="0.042" errors="0" skipped="4">
  <properties>
[...]
</properties>
  <testcase classname="model.PilaVectTest" name="testPilaVacia" time="0.011"/>
  <testcase classname="model.PilaVectTest" name="testToString" time="0.014">
    <skipped/>
  </testcase>
  <testcase classname="model.PilaVectTest" name="testGetPila" time="0.016">
    <skipped/>
  </testcase>
  <testcase classname="model.PilaVectTest" name="alObtenerNoSeDEbeCambiarLACantidadDeElementos" time="0"/>
  <testcase classname="model.PilaVectTest" name="testImprimir" time="0.001">
    <skipped/>
  </testcase>
  <testcase classname="model.PilaVectTest" name="testEliminar" time="0"/>
  <testcase classname="model.PilaVectTest" name="testMostrar" time="0">
    <skipped/>
  </testcase>
  <testcase classname="model.PilaVectTest" name="testBuscar" time="0"/>
  <testcase classname="model.PilaVectTest" name="testInsertar" time="0"/>
  <testcase classname="model.PilaVectTest" name="testTamaño" time="0"/>
</testsuite>